2020-12-01 15:53:34,179:INFO: Input arguments: {
    "att_size": 100,
    "batch_size": 8,
    "beam_size": 5,
    "bfeat_h5": [
        "datasets/msvd/features/msvd_roi_feat.h5",
        "datasets/msvd/features/msvd_roi_box.h5"
    ],
    "captioner_heads": 1,
    "captioner_layers": 1,
    "captioner_size": 512,
    "captioner_type": "transformer",
    "clamp_concepts": 1,
    "cst_increase_every": 5,
    "drop_prob_lm": 0.5,
    "eval_metric": "CIDEr",
    "expand_feat": 1,
    "filter_decoder_heads": 1,
    "filter_decoder_layers": 1,
    "filter_decoder_size": 512,
    "filter_encoder_heads": 1,
    "filter_encoder_layers": 1,
    "filter_encoder_size": 512,
    "filter_type": "svo_transformer",
    "fr_size_h5": "datasets/msvd/features/msvd_fr_size.h5",
    "gpuid": 7,
    "grad_clip": 0.25,
    "input_encoding_size": 512,
    "labda": 12.0,
    "language_eval": 1,
    "learning_rate": 0.0001,
    "loglevel": "DEBUG",
    "lr_update": 200,
    "max_epochs": 100,
    "max_patience": 50,
    "mixer_descrease_every": 2,
    "mixer_from": -1,
    "model_file": "experiments/transformer02_111111/msvd.pth",
    "model_type": "concat",
    "num_chunks": 1,
    "num_lm_layer": 1,
    "optim": "adam",
    "optim_alpha": 0.8,
    "optim_beta": 0.999,
    "optim_epsilon": 1e-08,
    "output_logp": 0,
    "pass_all_svo": 1,
    "print_log_interval": 20,
    "result_file": "experiments/transformer02_111111/msvd.json",
    "save_checkpoint_every": 1,
    "save_checkpoint_from": 1,
    "scb_baseline": 1,
    "scb_captions": 0,
    "seed": 123,
    "ss_k": 100,
    "ss_max_prob": 0.25,
    "start_from": "",
    "svo_length": 3,
    "test_batch_size": 8,
    "test_cocofmt_file": "datasets/msvd/metadata/msvd_test_cocofmt.json",
    "test_feat_h5": [
        "datasets/msvd/features/msvd_test_resnet_mp1.h5",
        "datasets/msvd/features/msvd_test_c3d_mp1.h5"
    ],
    "test_label_h5": "datasets/msvd/metadata/msvd_test_sequencelabel.h5",
    "test_language_eval": 1,
    "test_seq_per_img": 17,
    "train_bcmrscores_pkl": "datasets/msvd/metadata/msvd_train_evalscores.pkl",
    "train_cached_tokens": "datasets/msvd/metadata/msvd_train_ciderdf.pkl",
    "train_cocofmt_file": "datasets/msvd/metadata/msvd_train_cocofmt.json",
    "train_feat_h5": [
        "datasets/msvd/features/msvd_train_resnet_mp1.h5",
        "datasets/msvd/features/msvd_train_c3d_mp1.h5"
    ],
    "train_label_h5": "datasets/msvd/metadata/msvd_train_sequencelabel.h5",
    "train_seq_per_img": 17,
    "use_cst": 0,
    "use_cst_after": 0,
    "use_eos": 0,
    "use_mixer": 0,
    "use_rl": 0,
    "use_rl_after": 0,
    "use_ss": 0,
    "use_ss_after": 0,
    "val_cocofmt_file": "datasets/msvd/metadata/msvd_val_cocofmt.json",
    "val_feat_h5": [
        "datasets/msvd/features/msvd_val_resnet_mp1.h5",
        "datasets/msvd/features/msvd_val_c3d_mp1.h5"
    ],
    "val_label_h5": "datasets/msvd/metadata/msvd_val_sequencelabel.h5"
}
2020-12-01 15:53:34,217:INFO: DataLoader loading h5 file: datasets/msvd/metadata/msvd_train_sequencelabel.h5
2020-12-01 15:53:34,653:INFO: DataLoader loading h5 files: ['datasets/msvd/features/msvd_train_resnet_mp1.h5', 'datasets/msvd/features/msvd_train_c3d_mp1.h5']
2020-12-01 15:53:34,654:INFO: DataLoader loading bh5 files: ['datasets/msvd/features/msvd_roi_feat.h5', 'datasets/msvd/features/msvd_roi_box.h5']
2020-12-01 15:53:34,656:INFO: max sequence length in data is: 30
2020-12-01 15:53:34,657:INFO: max svo length in data is: 3
2020-12-01 15:53:34,657:INFO: Loading: datasets/msvd/metadata/msvd_train_evalscores.pkl, with metric: CIDEr
2020-12-01 15:53:34,677:INFO: DataLoader loading h5 file: datasets/msvd/metadata/msvd_val_sequencelabel.h5
2020-12-01 15:53:35,018:INFO: DataLoader loading h5 files: ['datasets/msvd/features/msvd_val_resnet_mp1.h5', 'datasets/msvd/features/msvd_val_c3d_mp1.h5']
2020-12-01 15:53:35,019:INFO: DataLoader loading bh5 files: ['datasets/msvd/features/msvd_roi_feat.h5', 'datasets/msvd/features/msvd_roi_box.h5']
2020-12-01 15:53:35,020:INFO: max sequence length in data is: 30
2020-12-01 15:53:35,021:INFO: max svo length in data is: 3
2020-12-01 15:53:35,029:INFO: DataLoader loading h5 file: datasets/msvd/metadata/msvd_test_sequencelabel.h5
2020-12-01 15:53:35,416:INFO: DataLoader loading h5 files: ['datasets/msvd/features/msvd_test_resnet_mp1.h5', 'datasets/msvd/features/msvd_test_c3d_mp1.h5']
2020-12-01 15:53:35,417:INFO: DataLoader loading bh5 files: ['datasets/msvd/features/msvd_roi_feat.h5', 'datasets/msvd/features/msvd_roi_box.h5']
2020-12-01 15:53:35,418:INFO: max sequence length in data is: 30
2020-12-01 15:53:35,419:INFO: max svo length in data is: 3
2020-12-01 15:53:35,419:INFO: Building model...
2020-12-01 15:53:36,712:INFO: Start training...
2020-12-01 15:53:36,712:INFO: No checkpoint found! Training from the scratch
2020-12-01 15:53:36,916:INFO: Epoch: 0	Iter: 0	Loss: 23.536556243896484	CAP Loss: 13.457110404968262	SVO Loss: 8.39953899383545	Time: 0.20336318016052246
2020-12-01 15:53:38,510:INFO: Epoch: 0	Iter: 20	Loss: 17.06159210205078	CAP Loss: 8.49793529510498	SVO Loss: 7.136380672454834	Time: 0.07613158226013184
2020-12-01 15:53:40,068:INFO: Epoch: 0	Iter: 40	Loss: 16.27046012878418	CAP Loss: 9.24727725982666	SVO Loss: 5.852652549743652	Time: 0.07627296447753906
2020-12-01 15:53:41,659:INFO: Epoch: 0	Iter: 60	Loss: 14.41677188873291	CAP Loss: 6.721574783325195	SVO Loss: 6.41266393661499	Time: 0.09090447425842285
2020-12-01 15:53:43,288:INFO: Epoch: 0	Iter: 80	Loss: 14.030430793762207	CAP Loss: 7.139845371246338	SVO Loss: 5.742154121398926	Time: 0.07776999473571777
2020-12-01 15:53:44,894:INFO: Epoch: 0	Iter: 100	Loss: 12.246539115905762	CAP Loss: 5.399918079376221	SVO Loss: 5.705517292022705	Time: 0.09105086326599121
2020-12-01 15:53:46,657:INFO: Epoch: 0	Iter: 120	Loss: 14.118280410766602	CAP Loss: 6.469326019287109	SVO Loss: 6.374128818511963	Time: 0.07552194595336914
2020-12-01 15:53:48,335:INFO: Epoch: 0	Iter: 140	Loss: 12.066913604736328	CAP Loss: 6.1791300773620605	SVO Loss: 4.9064860343933105	Time: 0.07572007179260254
2020-12-01 15:53:48,965:INFO: ===> Finished loading epoch 0
2020-12-01 15:53:49,023:INFO: ===> Learning rate: 0.000100: 
2020-12-01 15:53:49,024:INFO: #num_iters: 13, batch_size: 8, seg_per_image: 17
2020-12-01 15:53:49,916:DEBUG: [0] video 1243: a man is playing a man (man playing)
2020-12-01 15:53:49,916:DEBUG: [1] video 1286: a man is playing a man (man playing)
2020-12-01 15:53:49,916:DEBUG: [2] video 1245: a man is playing a man (man playing)
2020-12-01 15:53:49,916:DEBUG: [3] video 1201: a man is playing a man (man playing)
2020-12-01 15:53:49,916:DEBUG: [4] video 1207: a man is playing a man (man playing)
2020-12-01 15:53:49,917:DEBUG: [5] video 1285: a man is playing a man (man playing)
2020-12-01 15:53:49,917:DEBUG: [6] video 1289: a man is playing a man (man playing)
2020-12-01 15:53:49,917:DEBUG: [7] video 1224: a man is playing a man (man playing)
2020-12-01 15:53:50,946:DEBUG: [0] video 1216: a man is playing a man (man playing)
2020-12-01 15:53:50,946:DEBUG: [1] video 1277: a man is playing a man (man playing)
2020-12-01 15:53:50,946:DEBUG: [2] video 1284: a man is playing a man (man playing)
2020-12-01 15:53:50,947:DEBUG: [3] video 1220: a man is playing a man (man playing)
2020-12-01 15:53:50,947:DEBUG: [4] video 1293: a man is playing a man (man playing)
2020-12-01 15:53:50,947:DEBUG: [5] video 1218: a man is playing a man (man playing)
2020-12-01 15:53:50,947:DEBUG: [6] video 1262: a man is playing a man (man playing)
2020-12-01 15:53:50,947:DEBUG: [7] video 1274: a man is playing a man (man playing)
2020-12-01 15:53:51,843:DEBUG: [0] video 1238: a man is playing a man (man playing)
2020-12-01 15:53:51,844:DEBUG: [1] video 1269: a man is playing a man (man playing)
2020-12-01 15:53:51,844:DEBUG: [2] video 1260: a man is playing a man (man playing)
2020-12-01 15:53:51,844:DEBUG: [3] video 1240: a man is playing a man (man playing)
2020-12-01 15:53:51,844:DEBUG: [4] video 1255: a man is playing a man (man playing)
2020-12-01 15:53:51,844:DEBUG: [5] video 1249: a man is playing a man (man playing)
2020-12-01 15:53:51,844:DEBUG: [6] video 1206: a man is playing a man (man playing)
2020-12-01 15:53:51,844:DEBUG: [7] video 1219: a man is playing a man (man playing)
2020-12-01 15:53:52,746:DEBUG: [0] video 1217: a man is playing a man (man playing)
2020-12-01 15:53:52,747:DEBUG: [1] video 1264: a man is playing a man (man playing)
2020-12-01 15:53:52,747:DEBUG: [2] video 1247: a man is playing a man (man playing)
2020-12-01 15:53:52,747:DEBUG: [3] video 1229: a man is playing a man (man playing)
2020-12-01 15:53:52,747:DEBUG: [4] video 1278: a man is playing a man (man playing)
2020-12-01 15:53:52,747:DEBUG: [5] video 1233: a man is playing a man (man playing)
2020-12-01 15:53:52,747:DEBUG: [6] video 1232: a man is playing a man (man playing)
2020-12-01 15:53:52,747:DEBUG: [7] video 1202: a man is playing a man (man playing)
2020-12-01 15:53:53,636:DEBUG: [0] video 1296: a man is playing a man (man playing)
2020-12-01 15:53:53,636:DEBUG: [1] video 1214: a man is playing a man (man playing)
2020-12-01 15:53:53,637:DEBUG: [2] video 1263: a man is playing a man (man playing)
2020-12-01 15:53:53,637:DEBUG: [3] video 1283: a man is playing a man (man playing)
2020-12-01 15:53:53,637:DEBUG: [4] video 1287: a man is playing a man (man playing)
2020-12-01 15:53:53,637:DEBUG: [5] video 1273: a man is playing a man (man playing)
2020-12-01 15:53:53,637:DEBUG: [6] video 1299: a man is playing a man (man playing)
2020-12-01 15:53:53,637:DEBUG: [7] video 1300: a man is playing a man (man playing)
2020-12-01 15:53:54,737:DEBUG: [0] video 1242: a man is playing a man (man playing)
2020-12-01 15:53:54,738:DEBUG: [1] video 1244: a man is playing a man (man playing)
2020-12-01 15:53:54,738:DEBUG: [2] video 1261: a man is playing a man (man playing)
2020-12-01 15:53:54,738:DEBUG: [3] video 1254: a man is playing a man (man playing)
2020-12-01 15:53:54,738:DEBUG: [4] video 1248: a man is playing a man (man playing)
2020-12-01 15:53:54,738:DEBUG: [5] video 1237: a man is playing a man (man playing)
2020-12-01 15:53:54,739:DEBUG: [6] video 1227: a man is playing a man (man playing)
2020-12-01 15:53:54,739:DEBUG: [7] video 1212: a man is playing a man (man playing)
2020-12-01 15:53:55,689:DEBUG: [0] video 1281: a man is playing a man (man playing)
2020-12-01 15:53:55,690:DEBUG: [1] video 1251: a man is playing a man (man playing)
2020-12-01 15:53:55,690:DEBUG: [2] video 1297: a man is playing a man (man playing)
2020-12-01 15:53:55,690:DEBUG: [3] video 1268: a man is playing a man (man playing)
2020-12-01 15:53:55,690:DEBUG: [4] video 1271: a man is playing a man (man playing)
2020-12-01 15:53:55,690:DEBUG: [5] video 1223: a man is playing a man (man playing)
2020-12-01 15:53:55,690:DEBUG: [6] video 1257: a man is playing a man (man playing)
2020-12-01 15:53:55,690:DEBUG: [7] video 1228: a man is playing a man (man playing)
2020-12-01 15:53:56,704:DEBUG: [0] video 1270: a man is playing a man (man playing)
2020-12-01 15:53:56,704:DEBUG: [1] video 1205: a man is playing a man (man playing)
2020-12-01 15:53:56,704:DEBUG: [2] video 1266: a man is playing a man (man playing)
2020-12-01 15:53:56,704:DEBUG: [3] video 1294: a man is playing a man (man playing)
2020-12-01 15:53:56,705:DEBUG: [4] video 1222: a man is playing a man (man playing)
2020-12-01 15:53:56,705:DEBUG: [5] video 1250: a man is playing a man (man playing)
2020-12-01 15:53:56,705:DEBUG: [6] video 1204: a man is playing a man (man playing)
2020-12-01 15:53:56,705:DEBUG: [7] video 1265: a man is playing a man (man playing)
2020-12-01 15:53:57,593:DEBUG: [0] video 1211: a man is playing a man (man playing)
2020-12-01 15:53:57,593:DEBUG: [1] video 1272: a man is playing a man (man playing)
2020-12-01 15:53:57,593:DEBUG: [2] video 1213: a man is playing a man (man playing)
2020-12-01 15:53:57,593:DEBUG: [3] video 1290: a man is playing a man (man playing)
2020-12-01 15:53:57,593:DEBUG: [4] video 1295: a man is playing a man (man playing)
2020-12-01 15:53:57,594:DEBUG: [5] video 1276: a man is playing a man (man playing)
2020-12-01 15:53:57,594:DEBUG: [6] video 1203: a man is playing a man (man playing)
2020-12-01 15:53:57,594:DEBUG: [7] video 1280: a man is playing a man (man playing)
2020-12-01 15:53:58,472:DEBUG: [0] video 1256: a man is playing a man (man playing)
2020-12-01 15:53:58,473:DEBUG: [1] video 1239: a man is playing a man (man playing)
2020-12-01 15:53:58,473:DEBUG: [2] video 1298: a man is playing a man (man playing)
2020-12-01 15:53:58,473:DEBUG: [3] video 1231: a man is playing a man (man playing)
2020-12-01 15:53:58,473:DEBUG: [4] video 1259: a man is playing a man (man playing)
2020-12-01 15:53:58,473:DEBUG: [5] video 1275: a man is playing a man (man playing)
2020-12-01 15:53:58,473:DEBUG: [6] video 1282: a man is playing a man (man playing)
2020-12-01 15:53:58,474:DEBUG: [7] video 1230: a man is playing a man (man playing)
2020-12-01 15:53:59,351:DEBUG: [0] video 1210: a man is playing a man (man playing)
2020-12-01 15:53:59,352:DEBUG: [1] video 1258: a man is playing a man (man playing)
2020-12-01 15:53:59,352:DEBUG: [2] video 1252: a man is playing a man (man playing)
2020-12-01 15:53:59,352:DEBUG: [3] video 1236: a man is playing a man (man playing)
2020-12-01 15:53:59,352:DEBUG: [4] video 1209: a man is playing a man (man playing)
2020-12-01 15:53:59,352:DEBUG: [5] video 1241: a man is playing a man (man playing)
2020-12-01 15:53:59,352:DEBUG: [6] video 1267: a man is playing a man (man playing)
2020-12-01 15:53:59,352:DEBUG: [7] video 1215: a man is playing a man (man playing)
2020-12-01 15:54:00,232:DEBUG: [0] video 1253: a man is playing a man (man playing)
2020-12-01 15:54:00,233:DEBUG: [1] video 1292: a man is playing a man (man playing)
2020-12-01 15:54:00,233:DEBUG: [2] video 1226: a man is playing a man (man playing)
2020-12-01 15:54:00,233:DEBUG: [3] video 1235: a man is playing a man (man playing)
2020-12-01 15:54:00,233:DEBUG: [4] video 1279: a man is playing a man (man playing)
2020-12-01 15:54:00,233:DEBUG: [5] video 1234: a man is playing a man (man playing)
2020-12-01 15:54:00,233:DEBUG: [6] video 1246: a man is playing a man (man playing)
2020-12-01 15:54:00,233:DEBUG: [7] video 1208: a man is playing a man (man playing)
2020-12-01 15:54:00,248:INFO: ===> Finished loading epoch 0
2020-12-01 15:54:00,702:DEBUG: [0] video 1221: a man is playing a man (man playing)
2020-12-01 15:54:00,702:DEBUG: [1] video 1225: a man is playing a man (man playing)
2020-12-01 15:54:00,702:DEBUG: [2] video 1291: a man is playing a man (man playing)
2020-12-01 15:54:00,703:DEBUG: [3] video 1288: a man is playing a man (man playing)
2020-12-01 15:54:00,706:INFO: >>> Language evaluating ...
2020-12-01 15:54:10,638:INFO: Validation output: {
    "Bleu_1": 0.695,
    "Bleu_2": 0.51526,
    "Bleu_3": 0.39662,
    "Bleu_4": 0.26298,
    "CIDEr": 0.17589,
    "Loss": -4.74,
    "METEOR": 0.24988,
    "ROUGE_L": 0.62453,
    "SPICE": 0.02654
}
2020-12-01 15:54:10,639:INFO: >>> Found new best [CIDEr] score: 0.175890, at iter: 150, epoch 1
2020-12-01 15:54:10,964:INFO: Wrote checkpoint to: experiments/transformer02_111111/msvd.pth
2020-12-01 15:54:10,965:INFO: Updated history to: experiments/transformer02_111111/msvd_history.json
2020-12-01 15:54:11,817:INFO: Epoch: 1	Iter: 160	Loss: 12.28947925567627	CAP Loss: 5.570751667022705	SVO Loss: 5.598939418792725	Time: 0.07555437088012695
2020-12-01 15:54:13,369:INFO: Epoch: 1	Iter: 180	Loss: 13.088775634765625	CAP Loss: 6.477996826171875	SVO Loss: 5.508981704711914	Time: 0.07708334922790527
2020-12-01 15:54:15,079:INFO: Epoch: 1	Iter: 200	Loss: 11.946685791015625	CAP Loss: 5.245326042175293	SVO Loss: 5.584466457366943	Time: 0.07931947708129883
2020-12-01 15:54:16,729:INFO: Epoch: 1	Iter: 220	Loss: 11.503782272338867	CAP Loss: 5.048762321472168	SVO Loss: 5.379183292388916	Time: 0.07549810409545898
2020-12-01 15:54:18,375:INFO: Epoch: 1	Iter: 240	Loss: 11.93455696105957	CAP Loss: 6.030801296234131	SVO Loss: 4.919795989990234	Time: 0.07705044746398926
2020-12-01 15:54:19,911:INFO: Epoch: 1	Iter: 260	Loss: 13.802422523498535	CAP Loss: 7.17628812789917	SVO Loss: 5.521778583526611	Time: 0.07865381240844727
2020-12-01 15:54:21,674:INFO: Epoch: 1	Iter: 280	Loss: 10.076464653015137	CAP Loss: 4.396697044372559	SVO Loss: 4.733139514923096	Time: 0.0767219066619873
2020-12-01 15:54:23,170:INFO: ===> Finished loading epoch 1
2020-12-01 15:54:23,284:INFO: ===> Learning rate: 0.000100: 
2020-12-01 15:54:23,284:INFO: #num_iters: 13, batch_size: 8, seg_per_image: 17
2020-12-01 15:54:24,196:DEBUG: [0] video 1251: a man is playing a (man playing)
2020-12-01 15:54:24,196:DEBUG: [1] video 1247: a man is playing a (man playing)
2020-12-01 15:54:24,197:DEBUG: [2] video 1275: a man is playing a guitar (man playing guitar)
2020-12-01 15:54:24,197:DEBUG: [3] video 1212: a man is playing a guitar (man playing guitar)
2020-12-01 15:54:24,197:DEBUG: [4] video 1206: a man is playing a guitar (man playing guitar)
2020-12-01 15:54:24,197:DEBUG: [5] video 1276: a man is playing a (man playing)
2020-12-01 15:54:24,197:DEBUG: [6] video 1249: a cat is playing a cat (cat playing)
2020-12-01 15:54:24,197:DEBUG: [7] video 1277: a man is playing a (man playing)
2020-12-01 15:54:25,136:DEBUG: [0] video 1246: a man is playing a (man playing)
2020-12-01 15:54:25,137:DEBUG: [1] video 1282: a woman is playing a (woman cutting cutting)
2020-12-01 15:54:25,137:DEBUG: [2] video 1259: a man is playing a guitar (man playing guitar)
2020-12-01 15:54:25,137:DEBUG: [3] video 1272: a man is playing a (man cutting cutting)
2020-12-01 15:54:25,138:DEBUG: [4] video 1243: a woman is playing a (woman cutting)
2020-12-01 15:54:25,138:DEBUG: [5] video 1234: a woman is playing a (woman cutting cutting)
2020-12-01 15:54:25,138:DEBUG: [6] video 1240: a man is playing a guitar (man playing guitar)
2020-12-01 15:54:25,138:DEBUG: [7] video 1217: a man is playing a guitar (man playing guitar)
2020-12-01 15:54:26,105:DEBUG: [0] video 1294: a woman is playing a (woman cutting)
2020-12-01 15:54:26,106:DEBUG: [1] video 1203: a man is playing a guitar (man playing guitar)
2020-12-01 15:54:26,106:DEBUG: [2] video 1245: a man is playing a guitar (man playing guitar)
2020-12-01 15:54:26,106:DEBUG: [3] video 1235: a man is playing a (man cutting cutting)
2020-12-01 15:54:26,106:DEBUG: [4] video 1273: a man is playing a (man cutting cutting)
2020-12-01 15:54:26,107:DEBUG: [5] video 1224: a man is playing a guitar (man playing guitar)
2020-12-01 15:54:26,107:DEBUG: [6] video 1296: a woman is playing a (woman cutting)
2020-12-01 15:54:26,107:DEBUG: [7] video 1274: a man is playing a (man cutting cutting)
2020-12-01 15:54:27,002:DEBUG: [0] video 1262: a man is playing a (man playing)
2020-12-01 15:54:27,003:DEBUG: [1] video 1204: a woman is playing a (woman cutting cutting)
2020-12-01 15:54:27,003:DEBUG: [2] video 1225: a man is playing a guitar (man playing guitar)
2020-12-01 15:54:27,003:DEBUG: [3] video 1229: a man is playing a guitar (man playing guitar)
2020-12-01 15:54:27,003:DEBUG: [4] video 1233: a man is playing a (man playing)
2020-12-01 15:54:27,003:DEBUG: [5] video 1223: a man is playing a (man cutting cutting)
2020-12-01 15:54:27,003:DEBUG: [6] video 1248: a man is playing a (man playing)
2020-12-01 15:54:27,003:DEBUG: [7] video 1288: a woman is playing a (woman cutting)
2020-12-01 15:54:27,897:DEBUG: [0] video 1279: a man is playing a guitar (man playing guitar)
2020-12-01 15:54:27,897:DEBUG: [1] video 1236: a man is playing a (man playing)
2020-12-01 15:54:27,897:DEBUG: [2] video 1237: a man is playing a guitar (man playing guitar)
2020-12-01 15:54:27,898:DEBUG: [3] video 1300: a man is playing a (man playing)
2020-12-01 15:54:27,898:DEBUG: [4] video 1210: a man is playing a (man playing)
2020-12-01 15:54:27,898:DEBUG: [5] video 1267: a man is playing a (man playing)
2020-12-01 15:54:27,898:DEBUG: [6] video 1256: a man is playing a guitar (man playing guitar)
2020-12-01 15:54:27,898:DEBUG: [7] video 1252: a cat is playing a cat (cat playing)
2020-12-01 15:54:28,822:DEBUG: [0] video 1293: a man is playing a (man playing)
2020-12-01 15:54:28,822:DEBUG: [1] video 1218: a woman is playing a (woman cutting cutting)
2020-12-01 15:54:28,822:DEBUG: [2] video 1202: a woman is playing a (woman cutting cutting)
2020-12-01 15:54:28,822:DEBUG: [3] video 1239: a man is playing a guitar (man playing guitar)
2020-12-01 15:54:28,822:DEBUG: [4] video 1298: a man is playing a (man playing)
2020-12-01 15:54:28,823:DEBUG: [5] video 1241: a man is playing a (man playing)
2020-12-01 15:54:28,823:DEBUG: [6] video 1258: a man is playing a guitar (man playing guitar)
2020-12-01 15:54:28,823:DEBUG: [7] video 1201: a man is playing a (man cutting cutting)
2020-12-01 15:54:29,744:DEBUG: [0] video 1244: a man is playing a guitar (man playing guitar)
2020-12-01 15:54:29,744:DEBUG: [1] video 1297: a man is playing a guitar (man playing guitar)
2020-12-01 15:54:29,745:DEBUG: [2] video 1220: a man is playing a guitar (man playing guitar)
2020-12-01 15:54:29,745:DEBUG: [3] video 1242: a man is playing a guitar (man playing guitar)
2020-12-01 15:54:29,745:DEBUG: [4] video 1209: a man is playing a (man playing)
2020-12-01 15:54:29,745:DEBUG: [5] video 1257: a man is playing a cat (cat)
2020-12-01 15:54:29,745:DEBUG: [6] video 1286: a man is playing a guitar (man playing guitar)
2020-12-01 15:54:29,745:DEBUG: [7] video 1289: a man is playing a (man playing)
2020-12-01 15:54:30,689:DEBUG: [0] video 1261: a woman is playing a (woman cutting cutting)
2020-12-01 15:54:30,690:DEBUG: [1] video 1250: a man is playing a guitar (man playing guitar)
2020-12-01 15:54:30,690:DEBUG: [2] video 1280: a man is playing a guitar (man playing guitar)
2020-12-01 15:54:30,690:DEBUG: [3] video 1271: a man is playing a (man cutting cutting)
2020-12-01 15:54:30,690:DEBUG: [4] video 1291: a man is playing a guitar (man playing guitar)
2020-12-01 15:54:30,690:DEBUG: [5] video 1283: a man is playing a guitar (man playing guitar)
2020-12-01 15:54:30,690:DEBUG: [6] video 1228: a man is playing a (man playing)
2020-12-01 15:54:30,690:DEBUG: [7] video 1208: a man is playing a guitar (man playing guitar)
2020-12-01 15:54:31,615:DEBUG: [0] video 1213: a man is playing a guitar (man playing guitar)
2020-12-01 15:54:31,616:DEBUG: [1] video 1227: a woman is playing a (woman cutting cutting)
2020-12-01 15:54:31,616:DEBUG: [2] video 1221: a man is playing a guitar (man playing guitar)
2020-12-01 15:54:31,616:DEBUG: [3] video 1238: a man is playing a guitar (man playing guitar)
2020-12-01 15:54:31,616:DEBUG: [4] video 1299: a woman is playing a (woman cutting cutting)
2020-12-01 15:54:31,616:DEBUG: [5] video 1232: a man is playing a (man playing)
2020-12-01 15:54:31,616:DEBUG: [6] video 1214: a man is playing a guitar (man playing guitar)
2020-12-01 15:54:31,616:DEBUG: [7] video 1216: a man is playing a guitar (man playing guitar)
2020-12-01 15:54:32,500:DEBUG: [0] video 1269: a man is playing a guitar (man playing guitar)
2020-12-01 15:54:32,500:DEBUG: [1] video 1264: a man is playing a (man playing)
2020-12-01 15:54:32,500:DEBUG: [2] video 1207: a man is playing a (man playing)
2020-12-01 15:54:32,500:DEBUG: [3] video 1290: a man is playing a (man playing)
2020-12-01 15:54:32,500:DEBUG: [4] video 1260: a man is playing a guitar (man playing guitar)
2020-12-01 15:54:32,500:DEBUG: [5] video 1285: a man is playing a (man playing)
2020-12-01 15:54:32,501:DEBUG: [6] video 1215: a cat is playing a cat (cat playing)
2020-12-01 15:54:32,501:DEBUG: [7] video 1230: a man is playing a guitar (man playing guitar)
2020-12-01 15:54:33,441:DEBUG: [0] video 1270: a man is playing a guitar (man playing guitar)
2020-12-01 15:54:33,441:DEBUG: [1] video 1226: a man is playing a guitar (man playing guitar)
2020-12-01 15:54:33,441:DEBUG: [2] video 1219: a man is playing a (man playing)
2020-12-01 15:54:33,441:DEBUG: [3] video 1292: a woman is playing a (woman cutting)
2020-12-01 15:54:33,442:DEBUG: [4] video 1255: a man is playing a guitar (man playing guitar)
2020-12-01 15:54:33,442:DEBUG: [5] video 1295: a woman is playing a (woman playing)
2020-12-01 15:54:33,442:DEBUG: [6] video 1268: a man is playing a guitar (man playing guitar)
2020-12-01 15:54:33,442:DEBUG: [7] video 1231: a man is playing a (man playing)
2020-12-01 15:54:34,348:DEBUG: [0] video 1222: a man is playing a (man cutting cutting)
2020-12-01 15:54:34,348:DEBUG: [1] video 1211: a man is playing a guitar (man playing guitar)
2020-12-01 15:54:34,348:DEBUG: [2] video 1265: a woman is playing a (woman cutting)
2020-12-01 15:54:34,348:DEBUG: [3] video 1278: a man is playing a guitar (man playing guitar)
2020-12-01 15:54:34,348:DEBUG: [4] video 1253: a man is playing a guitar (man playing guitar)
2020-12-01 15:54:34,348:DEBUG: [5] video 1263: a man is playing a guitar (man playing guitar)
2020-12-01 15:54:34,348:DEBUG: [6] video 1284: a woman is playing a (woman cutting cutting)
2020-12-01 15:54:34,348:DEBUG: [7] video 1205: a man is playing a guitar (man playing guitar)
2020-12-01 15:54:34,364:INFO: ===> Finished loading epoch 1
2020-12-01 15:54:34,821:DEBUG: [0] video 1281: a man is playing a (man playing)
2020-12-01 15:54:34,821:DEBUG: [1] video 1266: a man is playing a guitar (man playing guitar)
2020-12-01 15:54:34,821:DEBUG: [2] video 1287: a man is playing a guitar (man playing guitar)
2020-12-01 15:54:34,822:DEBUG: [3] video 1254: a man is playing a guitar (man playing guitar)
2020-12-01 15:54:34,826:INFO: >>> Language evaluating ...
2020-12-01 15:54:44,638:INFO: Validation output: {
    "Bleu_1": 0.74364,
    "Bleu_2": 0.53623,
    "Bleu_3": 0.42127,
    "Bleu_4": 0.29694,
    "CIDEr": 0.20514,
    "Loss": -4.676,
    "METEOR": 0.24469,
    "ROUGE_L": 0.63237,
    "SPICE": 0.03024
}
2020-12-01 15:54:44,638:INFO: >>> Found new best [CIDEr] score: 0.205140, at iter: 300, epoch 2
2020-12-01 15:54:44,992:INFO: Wrote checkpoint to: experiments/transformer02_111111/msvd.pth
2020-12-01 15:54:44,993:INFO: Updated history to: experiments/transformer02_111111/msvd_history.json
2020-12-01 15:54:45,080:INFO: Epoch: 2	Iter: 300	Loss: 10.177618980407715	CAP Loss: 5.032963752746582	SVO Loss: 4.287212371826172	Time: 0.08682131767272949
2020-12-01 15:54:46,799:INFO: Epoch: 2	Iter: 320	Loss: 13.893192291259766	CAP Loss: 7.410537242889404	SVO Loss: 5.402212142944336	Time: 0.07686495780944824
2020-12-01 15:54:48,413:INFO: Epoch: 2	Iter: 340	Loss: 8.9597749710083	CAP Loss: 2.748882532119751	SVO Loss: 5.175743103027344	Time: 0.07665824890136719
2020-12-01 15:54:49,972:INFO: Epoch: 2	Iter: 360	Loss: 11.300945281982422	CAP Loss: 5.499785900115967	SVO Loss: 4.834299087524414	Time: 0.0755167007446289
2020-12-01 15:54:51,625:INFO: Epoch: 2	Iter: 380	Loss: 10.20384693145752	CAP Loss: 4.426418781280518	SVO Loss: 4.814523220062256	Time: 0.07793521881103516
